0 info it worked if it ends with ok
1 verbose cli [ '/Users/bradley-mbpro/.nvm/versions/node/v5.8.0/bin/node',
1 verbose cli   '/Users/bradley-mbpro/.nvm/versions/node/v5.8.0/bin/npm',
1 verbose cli   'publish' ]
2 info using npm@3.7.3
3 info using node@v5.8.0
4 verbose publish [ '.' ]
5 silly cache add args [ '.', null ]
6 verbose cache add spec .
7 silly cache add parsed spec Result {
7 silly cache add   raw: '.',
7 silly cache add   scope: null,
7 silly cache add   name: null,
7 silly cache add   rawSpec: '.',
7 silly cache add   spec: '/Users/bradley-mbpro/Desktop/bombbomb/node-elk-logger',
7 silly cache add   type: 'directory' }
8 verbose addLocalDirectory /Users/bradley-mbpro/.npm/node-elk-logger/0.1.6/package.tgz not in flight; packing
9 verbose correctMkdir /Users/bradley-mbpro/.npm correctMkdir not in flight; initializing
10 info lifecycle node-elk-logger@0.1.6~prepublish: node-elk-logger@0.1.6
11 silly lifecycle node-elk-logger@0.1.6~prepublish: no script for prepublish, continuing
12 verbose tar pack [ '/Users/bradley-mbpro/.npm/node-elk-logger/0.1.6/package.tgz',
12 verbose tar pack   '/Users/bradley-mbpro/Desktop/bombbomb/node-elk-logger' ]
13 verbose tarball /Users/bradley-mbpro/.npm/node-elk-logger/0.1.6/package.tgz
14 verbose folder /Users/bradley-mbpro/Desktop/bombbomb/node-elk-logger
15 verbose addLocalTarball adding from inside cache /Users/bradley-mbpro/.npm/node-elk-logger/0.1.6/package.tgz
16 verbose correctMkdir /Users/bradley-mbpro/.npm correctMkdir not in flight; initializing
17 silly cache afterAdd node-elk-logger@0.1.6
18 verbose afterAdd /Users/bradley-mbpro/.npm/node-elk-logger/0.1.6/package/package.json not in flight; writing
19 verbose correctMkdir /Users/bradley-mbpro/.npm correctMkdir not in flight; initializing
20 verbose afterAdd /Users/bradley-mbpro/.npm/node-elk-logger/0.1.6/package/package.json written
21 silly publish { name: 'node-elk-logger',
21 silly publish   version: '0.1.6',
21 silly publish   description: 'node logger',
21 silly publish   main: 'index.js',
21 silly publish   scripts: { test: 'echo "Error: no test specified" && exit 1' },
21 silly publish   repository:
21 silly publish    { type: 'git',
21 silly publish      url: 'git+https://github.com/bombbomb/node-elk-logger.git' },
21 silly publish   author: { name: '@ehippy' },
21 silly publish   license: 'ISC',
21 silly publish   bugs: { url: 'https://github.com/bombbomb/node-elk-logger/issues' },
21 silly publish   homepage: 'https://github.com/bombbomb/node-elk-logger',
21 silly publish   dependencies: { elasticsearch: '^11.0.1' },
21 silly publish   readme: '# node-elk-logger\nA node module that logs to elasticsearch\n',
21 silly publish   readmeFilename: 'README.md',
21 silly publish   gitHead: '0451e3071a6bc2ef04a04aeb023bae3e916b04be',
21 silly publish   _id: 'node-elk-logger@0.1.6',
21 silly publish   _shasum: '22c830440a6f506ee30c4da84a2b86064aa6b849',
21 silly publish   _from: '.' }
22 verbose getPublishConfig undefined
23 silly mapToRegistry name node-elk-logger
24 silly mapToRegistry using default registry
25 silly mapToRegistry registry https://registry.npmjs.org/
26 silly mapToRegistry uri https://registry.npmjs.org/node-elk-logger
27 verbose publish registryBase https://registry.npmjs.org/
28 silly publish uploading /Users/bradley-mbpro/.npm/node-elk-logger/0.1.6/package.tgz
29 verbose request uri https://registry.npmjs.org/node-elk-logger
30 verbose request sending authorization for write operation
31 info attempt registry request try #1 at 2:43:37 PM
32 verbose request using bearer token for auth
33 verbose request id e4bf2edddd275226
34 http request PUT https://registry.npmjs.org/node-elk-logger
35 http 403 https://registry.npmjs.org/node-elk-logger
36 verbose headers { 'content-type': 'application/json',
36 verbose headers   'cache-control': 'max-age=300',
36 verbose headers   'content-length': '109',
36 verbose headers   'accept-ranges': 'bytes',
36 verbose headers   date: 'Wed, 14 Jun 2017 20:43:37 GMT',
36 verbose headers   via: '1.1 varnish',
36 verbose headers   connection: 'keep-alive',
36 verbose headers   'x-served-by': 'cache-iad2621-IAD',
36 verbose headers   'x-cache': 'MISS',
36 verbose headers   'x-cache-hits': '0',
36 verbose headers   'x-timer': 'S1497473017.420908,VS0,VE576',
36 verbose headers   vary: 'Accept-Encoding' }
37 verbose request invalidating /Users/bradley-mbpro/.npm/registry.npmjs.org/node-elk-logger on PUT
38 error publish Failed PUT 403
39 verbose stack Error: you do not have permission to publish "node-elk-logger". Are you logged in as the correct user? : node-elk-logger
39 verbose stack     at makeError (/Users/bradley-mbpro/.nvm/versions/node/v5.8.0/lib/node_modules/npm/node_modules/npm-registry-client/lib/request.js:264:12)
39 verbose stack     at CachingRegistryClient.<anonymous> (/Users/bradley-mbpro/.nvm/versions/node/v5.8.0/lib/node_modules/npm/node_modules/npm-registry-client/lib/request.js:252:14)
39 verbose stack     at Request._callback (/Users/bradley-mbpro/.nvm/versions/node/v5.8.0/lib/node_modules/npm/node_modules/npm-registry-client/lib/request.js:172:14)
39 verbose stack     at Request.self.callback (/Users/bradley-mbpro/.nvm/versions/node/v5.8.0/lib/node_modules/npm/node_modules/request/request.js:199:22)
39 verbose stack     at emitTwo (events.js:100:13)
39 verbose stack     at Request.emit (events.js:185:7)
39 verbose stack     at Request.<anonymous> (/Users/bradley-mbpro/.nvm/versions/node/v5.8.0/lib/node_modules/npm/node_modules/request/request.js:1036:10)
39 verbose stack     at emitOne (events.js:95:20)
39 verbose stack     at Request.emit (events.js:182:7)
39 verbose stack     at IncomingMessage.<anonymous> (/Users/bradley-mbpro/.nvm/versions/node/v5.8.0/lib/node_modules/npm/node_modules/request/request.js:963:12)
40 verbose statusCode 403
41 verbose pkgid node-elk-logger
42 verbose cwd /Users/bradley-mbpro/Desktop/bombbomb/node-elk-logger
43 error Darwin 16.6.0
44 error argv "/Users/bradley-mbpro/.nvm/versions/node/v5.8.0/bin/node" "/Users/bradley-mbpro/.nvm/versions/node/v5.8.0/bin/npm" "publish"
45 error node v5.8.0
46 error npm  v3.7.3
47 error code E403
48 error you do not have permission to publish "node-elk-logger". Are you logged in as the correct user? : node-elk-logger
49 error If you need help, you may report this error at:
49 error     <https://github.com/npm/npm/issues>
50 verbose exit [ 1, true ]
